<?xml version="1.0" encoding="UTF-8"?>
<!-- Generated by org.testng.reporters.JUnitXMLReporter -->
<testsuite ignored="0" hostname="CARMEL-QA3L" failures="0" tests="9" name="Sanity" time="141.412" errors="0" timestamp="2023-11-17T17:52:32 IST">
  <testcase classname="com.ecommerce.tests.TC_Login_001" name="loginIntoApplicationTest" time="1.15"/>
  <testcase classname="com.ecommerce.tests.TC_Login_001" name="checkRegisterationSection" time="0.062"/>
  <testcase classname="com.ecommerce.tests.TC_Login_001" name="invalid" time="1.292"/>
  <testcase classname="com.ecommerce.tests.TC_UserPage_002" name="checkUserPageLinks" time="1.583"/>
  <testcase classname="com.ecommerce.tests.TC_UserPage_002" name="validateHeaderLinks" time="1.528"/>
  <testcase classname="com.ecommerce.tests.TC_UserPage_002" name="validateLogo" time="0.95"/>
  <testcase classname="com.ecommerce.tests.TC_AddAddress_005" name="addAddressFields" time="4.883"/>
  <testcase classname="com.ecommerce.tests.TC_AddAddress_005" name="addAddressFields" time="5.059"/>
  <testcase classname="com.ecommerce.tests.TC_AddAddress_005" name="userNavigationAddAddressPage" time="2.649"/>
</testsuite> <!-- Sanity -->
