<?xml version="1.0" encoding="UTF-8"?>
<!-- Generated by org.testng.reporters.JUnitXMLReporter -->
<testsuite ignored="0" hostname="CARMEL-QA3L" failures="0" tests="8" name="Smoke" time="125.445" errors="0" timestamp="2023-11-17T17:54:38 IST">
  <testcase classname="com.ecommerce.tests.TC_Register_003" name="checkRegisterUserNavigation" time="1.038"/>
  <testcase classname="com.ecommerce.tests.TC_Register_003" name="validateUserRegisteration" time="3.775"/>
  <testcase classname="com.ecommerce.tests.TC_Monitor_004" name="checkMonitorsCount" time="2.339"/>
  <testcase classname="com.ecommerce.tests.TC_Monitor_004" name="navigateToMonitorsPage" time="1.917"/>
  <testcase classname="com.ecommerce.tests.TC_DeleteAddress_006" name="deleteAddressRecord" time="5.92"/>
  <testcase classname="com.ecommerce.tests.TC_DeleteAddress_006" name="deleteAddressRecord" time="5.864"/>
  <testcase classname="com.ecommerce.tests.TC_Searching_007" name="validateSearchedProductsName" time="2.041"/>
  <testcase classname="com.ecommerce.tests.TC_PlaceAnOrder_008" name="placeOrder" time="12.271"/>
</testsuite> <!-- Smoke -->
