<?xml version="1.0" encoding="UTF-8"?>
<testng-results ignored="0" total="17" passed="17" failed="0" skipped="0">
  <reporter-output>
    <line>
      <![CDATA[Testcase loginIntoApplicationTest started successfully]]>
    </line>
    <line>
      <![CDATA[Testcase checkRegisterationSection started successfully]]>
    </line>
    <line>
      <![CDATA[Testcase invalid started successfully]]>
    </line>
    <line>
      <![CDATA[Testcase checkUserPageLinks started successfully]]>
    </line>
    <line>
      <![CDATA[Testcase validateHeaderLinks started successfully]]>
    </line>
    <line>
      <![CDATA[Testcase validateLogo started successfully]]>
    </line>
    <line>
      <![CDATA[Testcase addAddressFields started successfully]]>
    </line>
    <line>
      <![CDATA[Testcase addAddressFields started successfully]]>
    </line>
    <line>
      <![CDATA[Testcase userNavigationAddAddressPage started successfully]]>
    </line>
    <line>
      <![CDATA[About to end executing Class Sanity]]>
    </line>
    <line>
      <![CDATA[Testcase checkRegisterUserNavigation started successfully]]>
    </line>
    <line>
      <![CDATA[Testcase validateUserRegisteration started successfully]]>
    </line>
    <line>
      <![CDATA[Testcase checkMonitorsCount started successfully]]>
    </line>
    <line>
      <![CDATA[Testcase navigateToMonitorsPage started successfully]]>
    </line>
    <line>
      <![CDATA[Testcase deleteAddressRecord started successfully]]>
    </line>
    <line>
      <![CDATA[Testcase deleteAddressRecord started successfully]]>
    </line>
    <line>
      <![CDATA[Testcase validateSearchedProductsName started successfully]]>
    </line>
    <line>
      <![CDATA[Testcase placeOrder started successfully]]>
    </line>
  </reporter-output>
  <suite started-at="2023-11-17T17:50:10 IST" name="Suite" finished-at="2023-11-17T17:54:38 IST" duration-ms="267584">
    <groups>
    </groups>
    <test started-at="2023-11-17T17:50:10 IST" name="Sanity" finished-at="2023-11-17T17:52:32 IST" duration-ms="141412">
      <class name="com.ecommerce.tests.TC_UserPage_002">
        <test-method is-config="true" signature="setup(java.lang.String)[pri:0, instance:com.ecommerce.tests.TC_UserPage_002@76b1e9b8]" started-at="2023-11-17T17:50:48 IST" name="setup" finished-at="2023-11-17T17:51:02 IST" duration-ms="13902" status="PASS">
          <params>
            <param index="0">
              <value>
                <![CDATA[chrome]]>
              </value>
            </param>
          </params>
          <reporter-output>
          </reporter-output>
        </test-method> <!-- setup -->
        <test-method signature="checkUserPageLinks()[pri:0, instance:com.ecommerce.tests.TC_UserPage_002@76b1e9b8]" started-at="2023-11-17T17:51:02 IST" name="checkUserPageLinks" finished-at="2023-11-17T17:51:04 IST" duration-ms="1583" status="PASS">
          <reporter-output>
            <line>
              <![CDATA[Testcase checkUserPageLinks started successfully]]>
            </line>
          </reporter-output>
        </test-method> <!-- checkUserPageLinks -->
        <test-method is-config="true" signature="closeBrowser()[pri:0, instance:com.ecommerce.tests.TC_UserPage_002@76b1e9b8]" started-at="2023-11-17T17:51:04 IST" name="closeBrowser" finished-at="2023-11-17T17:51:05 IST" duration-ms="721" status="PASS">
          <reporter-output>
          </reporter-output>
        </test-method> <!-- closeBrowser -->
        <test-method is-config="true" signature="setup(java.lang.String)[pri:0, instance:com.ecommerce.tests.TC_UserPage_002@76b1e9b8]" started-at="2023-11-17T17:51:05 IST" name="setup" finished-at="2023-11-17T17:51:23 IST" duration-ms="18348" status="PASS">
          <params>
            <param index="0">
              <value>
                <![CDATA[chrome]]>
              </value>
            </param>
          </params>
          <reporter-output>
          </reporter-output>
        </test-method> <!-- setup -->
        <test-method signature="validateHeaderLinks()[pri:0, instance:com.ecommerce.tests.TC_UserPage_002@76b1e9b8]" started-at="2023-11-17T17:51:23 IST" name="validateHeaderLinks" finished-at="2023-11-17T17:51:25 IST" duration-ms="1528" status="PASS">
          <reporter-output>
            <line>
              <![CDATA[Testcase validateHeaderLinks started successfully]]>
            </line>
          </reporter-output>
        </test-method> <!-- validateHeaderLinks -->
        <test-method is-config="true" signature="closeBrowser()[pri:0, instance:com.ecommerce.tests.TC_UserPage_002@76b1e9b8]" started-at="2023-11-17T17:51:25 IST" name="closeBrowser" finished-at="2023-11-17T17:51:26 IST" duration-ms="1154" status="PASS">
          <reporter-output>
          </reporter-output>
        </test-method> <!-- closeBrowser -->
        <test-method is-config="true" signature="setup(java.lang.String)[pri:0, instance:com.ecommerce.tests.TC_UserPage_002@76b1e9b8]" started-at="2023-11-17T17:51:26 IST" name="setup" finished-at="2023-11-17T17:51:39 IST" duration-ms="12956" status="PASS">
          <params>
            <param index="0">
              <value>
                <![CDATA[chrome]]>
              </value>
            </param>
          </params>
          <reporter-output>
          </reporter-output>
        </test-method> <!-- setup -->
        <test-method signature="validateLogo()[pri:0, instance:com.ecommerce.tests.TC_UserPage_002@76b1e9b8]" started-at="2023-11-17T17:51:39 IST" name="validateLogo" finished-at="2023-11-17T17:51:40 IST" duration-ms="950" status="PASS">
          <reporter-output>
            <line>
              <![CDATA[Testcase validateLogo started successfully]]>
            </line>
          </reporter-output>
        </test-method> <!-- validateLogo -->
        <test-method is-config="true" signature="closeBrowser()[pri:0, instance:com.ecommerce.tests.TC_UserPage_002@76b1e9b8]" started-at="2023-11-17T17:51:40 IST" name="closeBrowser" finished-at="2023-11-17T17:51:40 IST" duration-ms="667" status="PASS">
          <reporter-output>
          </reporter-output>
        </test-method> <!-- closeBrowser -->
      </class> <!-- com.ecommerce.tests.TC_UserPage_002 -->
      <class name="com.ecommerce.tests.TC_AddAddress_005">
        <test-method is-config="true" signature="setup(java.lang.String)[pri:0, instance:com.ecommerce.tests.TC_AddAddress_005@27406a17]" started-at="2023-11-17T17:51:41 IST" name="setup" finished-at="2023-11-17T17:51:52 IST" duration-ms="10582" status="PASS">
          <params>
            <param index="0">
              <value>
                <![CDATA[chrome]]>
              </value>
            </param>
          </params>
          <reporter-output>
          </reporter-output>
        </test-method> <!-- setup -->
        <test-method signature="addAddressFields(java.lang.String,java.lang.String,java.lang.String,java.lang.String,java.lang.String,java.lang.String)[pri:0, instance:com.ecommerce.tests.TC_AddAddress_005@27406a17]" started-at="2023-11-17T17:51:52 IST" name="addAddressFields" data-provider="getData" finished-at="2023-11-17T17:51:57 IST" duration-ms="4883" status="PASS">
          <params>
            <param index="0">
              <value>
                <![CDATA[testUser444]]>
              </value>
            </param>
            <param index="1">
              <value>
                <![CDATA[testUser_L]]>
              </value>
            </param>
            <param index="2">
              <value>
                <![CDATA[123 new street]]>
              </value>
            </param>
            <param index="3">
              <value>
                <![CDATA[Madrid]]>
              </value>
            </param>
            <param index="4">
              <value>
                <![CDATA[28001]]>
              </value>
            </param>
            <param index="5">
              <value>
                <![CDATA[Fier]]>
              </value>
            </param>
          </params>
          <reporter-output>
            <line>
              <![CDATA[Testcase addAddressFields started successfully]]>
            </line>
          </reporter-output>
        </test-method> <!-- addAddressFields -->
        <test-method is-config="true" signature="closeBrowser()[pri:0, instance:com.ecommerce.tests.TC_AddAddress_005@27406a17]" started-at="2023-11-17T17:51:57 IST" name="closeBrowser" finished-at="2023-11-17T17:51:57 IST" duration-ms="327" status="PASS">
          <reporter-output>
          </reporter-output>
        </test-method> <!-- closeBrowser -->
        <test-method is-config="true" signature="setup(java.lang.String)[pri:0, instance:com.ecommerce.tests.TC_AddAddress_005@27406a17]" started-at="2023-11-17T17:51:57 IST" name="setup" finished-at="2023-11-17T17:52:11 IST" duration-ms="13790" status="PASS">
          <params>
            <param index="0">
              <value>
                <![CDATA[chrome]]>
              </value>
            </param>
          </params>
          <reporter-output>
          </reporter-output>
        </test-method> <!-- setup -->
        <test-method signature="addAddressFields(java.lang.String,java.lang.String,java.lang.String,java.lang.String,java.lang.String,java.lang.String)[pri:0, instance:com.ecommerce.tests.TC_AddAddress_005@27406a17]" started-at="2023-11-17T17:52:11 IST" name="addAddressFields" data-provider="getData" finished-at="2023-11-17T17:52:16 IST" duration-ms="5059" status="PASS">
          <params>
            <param index="0">
              <value>
                <![CDATA[testUser555]]>
              </value>
            </param>
            <param index="1">
              <value>
                <![CDATA[testUser_L]]>
              </value>
            </param>
            <param index="2">
              <value>
                <![CDATA[123 new street]]>
              </value>
            </param>
            <param index="3">
              <value>
                <![CDATA[Madrid]]>
              </value>
            </param>
            <param index="4">
              <value>
                <![CDATA[28001]]>
              </value>
            </param>
            <param index="5">
              <value>
                <![CDATA[Fier]]>
              </value>
            </param>
          </params>
          <reporter-output>
            <line>
              <![CDATA[Testcase addAddressFields started successfully]]>
            </line>
          </reporter-output>
        </test-method> <!-- addAddressFields -->
        <test-method is-config="true" signature="closeBrowser()[pri:0, instance:com.ecommerce.tests.TC_AddAddress_005@27406a17]" started-at="2023-11-17T17:52:16 IST" name="closeBrowser" finished-at="2023-11-17T17:52:17 IST" duration-ms="840" status="PASS">
          <reporter-output>
          </reporter-output>
        </test-method> <!-- closeBrowser -->
        <test-method is-config="true" signature="setup(java.lang.String)[pri:0, instance:com.ecommerce.tests.TC_AddAddress_005@27406a17]" started-at="2023-11-17T17:52:17 IST" name="setup" finished-at="2023-11-17T17:52:28 IST" duration-ms="11807" status="PASS">
          <params>
            <param index="0">
              <value>
                <![CDATA[chrome]]>
              </value>
            </param>
          </params>
          <reporter-output>
          </reporter-output>
        </test-method> <!-- setup -->
        <test-method signature="userNavigationAddAddressPage()[pri:0, instance:com.ecommerce.tests.TC_AddAddress_005@27406a17]" started-at="2023-11-17T17:52:28 IST" name="userNavigationAddAddressPage" finished-at="2023-11-17T17:52:31 IST" duration-ms="2649" status="PASS">
          <reporter-output>
            <line>
              <![CDATA[Testcase userNavigationAddAddressPage started successfully]]>
            </line>
          </reporter-output>
        </test-method> <!-- userNavigationAddAddressPage -->
        <test-method is-config="true" signature="closeBrowser()[pri:0, instance:com.ecommerce.tests.TC_AddAddress_005@27406a17]" started-at="2023-11-17T17:52:31 IST" name="closeBrowser" finished-at="2023-11-17T17:52:32 IST" duration-ms="790" status="PASS">
          <reporter-output>
          </reporter-output>
        </test-method> <!-- closeBrowser -->
      </class> <!-- com.ecommerce.tests.TC_AddAddress_005 -->
      <class name="com.ecommerce.tests.TC_Login_001">
        <test-method is-config="true" signature="setup(java.lang.String)[pri:0, instance:com.ecommerce.tests.TC_Login_001@52719fb6]" started-at="2023-11-17T17:50:11 IST" name="setup" finished-at="2023-11-17T17:50:24 IST" duration-ms="12970" status="PASS">
          <params>
            <param index="0">
              <value>
                <![CDATA[chrome]]>
              </value>
            </param>
          </params>
          <reporter-output>
          </reporter-output>
        </test-method> <!-- setup -->
        <test-method signature="loginIntoApplicationTest()[pri:1, instance:com.ecommerce.tests.TC_Login_001@52719fb6]" started-at="2023-11-17T17:50:24 IST" name="loginIntoApplicationTest" finished-at="2023-11-17T17:50:25 IST" duration-ms="1150" status="PASS">
          <reporter-output>
            <line>
              <![CDATA[Testcase loginIntoApplicationTest started successfully]]>
            </line>
          </reporter-output>
        </test-method> <!-- loginIntoApplicationTest -->
        <test-method is-config="true" signature="closeBrowser()[pri:0, instance:com.ecommerce.tests.TC_Login_001@52719fb6]" started-at="2023-11-17T17:50:25 IST" name="closeBrowser" finished-at="2023-11-17T17:50:26 IST" duration-ms="675" status="PASS">
          <reporter-output>
          </reporter-output>
        </test-method> <!-- closeBrowser -->
        <test-method is-config="true" signature="setup(java.lang.String)[pri:0, instance:com.ecommerce.tests.TC_Login_001@52719fb6]" started-at="2023-11-17T17:50:26 IST" name="setup" finished-at="2023-11-17T17:50:36 IST" duration-ms="9553" status="PASS">
          <params>
            <param index="0">
              <value>
                <![CDATA[chrome]]>
              </value>
            </param>
          </params>
          <reporter-output>
          </reporter-output>
        </test-method> <!-- setup -->
        <test-method signature="checkRegisterationSection()[pri:2, instance:com.ecommerce.tests.TC_Login_001@52719fb6]" started-at="2023-11-17T17:50:36 IST" name="checkRegisterationSection" finished-at="2023-11-17T17:50:36 IST" duration-ms="62" status="PASS">
          <reporter-output>
            <line>
              <![CDATA[Testcase checkRegisterationSection started successfully]]>
            </line>
          </reporter-output>
        </test-method> <!-- checkRegisterationSection -->
        <test-method is-config="true" signature="closeBrowser()[pri:0, instance:com.ecommerce.tests.TC_Login_001@52719fb6]" started-at="2023-11-17T17:50:36 IST" name="closeBrowser" finished-at="2023-11-17T17:50:36 IST" duration-ms="646" status="PASS">
          <reporter-output>
          </reporter-output>
        </test-method> <!-- closeBrowser -->
        <test-method is-config="true" signature="setup(java.lang.String)[pri:0, instance:com.ecommerce.tests.TC_Login_001@52719fb6]" started-at="2023-11-17T17:50:36 IST" name="setup" finished-at="2023-11-17T17:50:46 IST" duration-ms="10006" status="PASS">
          <params>
            <param index="0">
              <value>
                <![CDATA[chrome]]>
              </value>
            </param>
          </params>
          <reporter-output>
          </reporter-output>
        </test-method> <!-- setup -->
        <test-method signature="invalid()[pri:3, instance:com.ecommerce.tests.TC_Login_001@52719fb6]" started-at="2023-11-17T17:50:46 IST" name="invalid" finished-at="2023-11-17T17:50:48 IST" duration-ms="1292" status="PASS">
          <reporter-output>
            <line>
              <![CDATA[Testcase invalid started successfully]]>
            </line>
          </reporter-output>
        </test-method> <!-- invalid -->
        <test-method is-config="true" signature="closeBrowser()[pri:0, instance:com.ecommerce.tests.TC_Login_001@52719fb6]" started-at="2023-11-17T17:50:48 IST" name="closeBrowser" finished-at="2023-11-17T17:50:48 IST" duration-ms="895" status="PASS">
          <reporter-output>
          </reporter-output>
        </test-method> <!-- closeBrowser -->
      </class> <!-- com.ecommerce.tests.TC_Login_001 -->
    </test> <!-- Sanity -->
    <test started-at="2023-11-17T17:52:33 IST" name="Smoke" finished-at="2023-11-17T17:54:38 IST" duration-ms="125445">
      <class name="com.ecommerce.tests.TC_Monitor_004">
        <test-method is-config="true" signature="setup(java.lang.String)[pri:0, instance:com.ecommerce.tests.TC_Monitor_004@5032714f]" started-at="2023-11-17T17:53:03 IST" name="setup" finished-at="2023-11-17T17:53:13 IST" duration-ms="10066" status="PASS">
          <params>
            <param index="0">
              <value>
                <![CDATA[chrome]]>
              </value>
            </param>
          </params>
          <reporter-output>
          </reporter-output>
        </test-method> <!-- setup -->
        <test-method signature="checkMonitorsCount()[pri:0, instance:com.ecommerce.tests.TC_Monitor_004@5032714f]" started-at="2023-11-17T17:53:13 IST" name="checkMonitorsCount" finished-at="2023-11-17T17:53:15 IST" duration-ms="2339" status="PASS">
          <reporter-output>
            <line>
              <![CDATA[Testcase checkMonitorsCount started successfully]]>
            </line>
          </reporter-output>
        </test-method> <!-- checkMonitorsCount -->
        <test-method is-config="true" signature="closeBrowser()[pri:0, instance:com.ecommerce.tests.TC_Monitor_004@5032714f]" started-at="2023-11-17T17:53:15 IST" name="closeBrowser" finished-at="2023-11-17T17:53:16 IST" duration-ms="471" status="PASS">
          <reporter-output>
          </reporter-output>
        </test-method> <!-- closeBrowser -->
        <test-method is-config="true" signature="setup(java.lang.String)[pri:0, instance:com.ecommerce.tests.TC_Monitor_004@5032714f]" started-at="2023-11-17T17:53:16 IST" name="setup" finished-at="2023-11-17T17:53:25 IST" duration-ms="9476" status="PASS">
          <params>
            <param index="0">
              <value>
                <![CDATA[chrome]]>
              </value>
            </param>
          </params>
          <reporter-output>
          </reporter-output>
        </test-method> <!-- setup -->
        <test-method signature="navigateToMonitorsPage()[pri:0, instance:com.ecommerce.tests.TC_Monitor_004@5032714f]" started-at="2023-11-17T17:53:25 IST" name="navigateToMonitorsPage" finished-at="2023-11-17T17:53:27 IST" duration-ms="1917" status="PASS">
          <reporter-output>
            <line>
              <![CDATA[Testcase navigateToMonitorsPage started successfully]]>
            </line>
          </reporter-output>
        </test-method> <!-- navigateToMonitorsPage -->
        <test-method is-config="true" signature="closeBrowser()[pri:0, instance:com.ecommerce.tests.TC_Monitor_004@5032714f]" started-at="2023-11-17T17:53:27 IST" name="closeBrowser" finished-at="2023-11-17T17:53:28 IST" duration-ms="324" status="PASS">
          <reporter-output>
          </reporter-output>
        </test-method> <!-- closeBrowser -->
      </class> <!-- com.ecommerce.tests.TC_Monitor_004 -->
      <class name="com.ecommerce.tests.TC_Searching_007">
        <test-method is-config="true" signature="setup(java.lang.String)[pri:0, instance:com.ecommerce.tests.TC_Searching_007@353352b6]" started-at="2023-11-17T17:54:02 IST" name="setup" finished-at="2023-11-17T17:54:12 IST" duration-ms="10431" status="PASS">
          <params>
            <param index="0">
              <value>
                <![CDATA[chrome]]>
              </value>
            </param>
          </params>
          <reporter-output>
          </reporter-output>
        </test-method> <!-- setup -->
        <test-method signature="validateSearchedProductsName()[pri:0, instance:com.ecommerce.tests.TC_Searching_007@353352b6]" started-at="2023-11-17T17:54:12 IST" name="validateSearchedProductsName" finished-at="2023-11-17T17:54:15 IST" duration-ms="2041" status="PASS">
          <reporter-output>
            <line>
              <![CDATA[Testcase validateSearchedProductsName started successfully]]>
            </line>
          </reporter-output>
        </test-method> <!-- validateSearchedProductsName -->
        <test-method is-config="true" signature="closeBrowser()[pri:0, instance:com.ecommerce.tests.TC_Searching_007@353352b6]" started-at="2023-11-17T17:54:15 IST" name="closeBrowser" finished-at="2023-11-17T17:54:15 IST" duration-ms="257" status="PASS">
          <reporter-output>
          </reporter-output>
        </test-method> <!-- closeBrowser -->
      </class> <!-- com.ecommerce.tests.TC_Searching_007 -->
      <class name="com.ecommerce.tests.TC_PlaceAnOrder_008">
        <test-method is-config="true" signature="setup(java.lang.String)[pri:0, instance:com.ecommerce.tests.TC_PlaceAnOrder_008@4681c175]" started-at="2023-11-17T17:54:15 IST" name="setup" finished-at="2023-11-17T17:54:25 IST" duration-ms="10594" status="PASS">
          <params>
            <param index="0">
              <value>
                <![CDATA[chrome]]>
              </value>
            </param>
          </params>
          <reporter-output>
          </reporter-output>
        </test-method> <!-- setup -->
        <test-method signature="placeOrder()[pri:0, instance:com.ecommerce.tests.TC_PlaceAnOrder_008@4681c175]" started-at="2023-11-17T17:54:25 IST" name="placeOrder" finished-at="2023-11-17T17:54:38 IST" duration-ms="12271" status="PASS">
          <reporter-output>
            <line>
              <![CDATA[Testcase placeOrder started successfully]]>
            </line>
          </reporter-output>
        </test-method> <!-- placeOrder -->
        <test-method is-config="true" signature="closeBrowser()[pri:0, instance:com.ecommerce.tests.TC_PlaceAnOrder_008@4681c175]" started-at="2023-11-17T17:54:38 IST" name="closeBrowser" finished-at="2023-11-17T17:54:38 IST" duration-ms="439" status="PASS">
          <reporter-output>
          </reporter-output>
        </test-method> <!-- closeBrowser -->
      </class> <!-- com.ecommerce.tests.TC_PlaceAnOrder_008 -->
      <class name="com.ecommerce.tests.TC_DeleteAddress_006">
        <test-method is-config="true" signature="setup(java.lang.String)[pri:0, instance:com.ecommerce.tests.TC_DeleteAddress_006@48bb62]" started-at="2023-11-17T17:53:28 IST" name="setup" finished-at="2023-11-17T17:53:38 IST" duration-ms="10038" status="PASS">
          <params>
            <param index="0">
              <value>
                <![CDATA[chrome]]>
              </value>
            </param>
          </params>
          <reporter-output>
          </reporter-output>
        </test-method> <!-- setup -->
        <test-method signature="deleteAddressRecord(java.lang.String)[pri:0, instance:com.ecommerce.tests.TC_DeleteAddress_006@48bb62]" started-at="2023-11-17T17:53:38 IST" name="deleteAddressRecord" data-provider="getRecords" finished-at="2023-11-17T17:53:44 IST" duration-ms="5920" status="PASS">
          <params>
            <param index="0">
              <value>
                <![CDATA[testUser444]]>
              </value>
            </param>
          </params>
          <reporter-output>
            <line>
              <![CDATA[Testcase deleteAddressRecord started successfully]]>
            </line>
          </reporter-output>
        </test-method> <!-- deleteAddressRecord -->
        <test-method is-config="true" signature="closeBrowser()[pri:0, instance:com.ecommerce.tests.TC_DeleteAddress_006@48bb62]" started-at="2023-11-17T17:53:44 IST" name="closeBrowser" finished-at="2023-11-17T17:53:44 IST" duration-ms="612" status="PASS">
          <reporter-output>
          </reporter-output>
        </test-method> <!-- closeBrowser -->
        <test-method is-config="true" signature="setup(java.lang.String)[pri:0, instance:com.ecommerce.tests.TC_DeleteAddress_006@48bb62]" started-at="2023-11-17T17:53:44 IST" name="setup" finished-at="2023-11-17T17:53:56 IST" duration-ms="11451" status="PASS">
          <params>
            <param index="0">
              <value>
                <![CDATA[chrome]]>
              </value>
            </param>
          </params>
          <reporter-output>
          </reporter-output>
        </test-method> <!-- setup -->
        <test-method signature="deleteAddressRecord(java.lang.String)[pri:0, instance:com.ecommerce.tests.TC_DeleteAddress_006@48bb62]" started-at="2023-11-17T17:53:56 IST" name="deleteAddressRecord" data-provider="getRecords" finished-at="2023-11-17T17:54:02 IST" duration-ms="5864" status="PASS">
          <params>
            <param index="0">
              <value>
                <![CDATA[testUser555]]>
              </value>
            </param>
          </params>
          <reporter-output>
            <line>
              <![CDATA[Testcase deleteAddressRecord started successfully]]>
            </line>
          </reporter-output>
        </test-method> <!-- deleteAddressRecord -->
        <test-method is-config="true" signature="closeBrowser()[pri:0, instance:com.ecommerce.tests.TC_DeleteAddress_006@48bb62]" started-at="2023-11-17T17:54:02 IST" name="closeBrowser" finished-at="2023-11-17T17:54:02 IST" duration-ms="456" status="PASS">
          <reporter-output>
          </reporter-output>
        </test-method> <!-- closeBrowser -->
      </class> <!-- com.ecommerce.tests.TC_DeleteAddress_006 -->
      <class name="com.ecommerce.tests.TC_Register_003">
        <test-method is-config="true" signature="setup(java.lang.String)[pri:0, instance:com.ecommerce.tests.TC_Register_003@5524cca1]" started-at="2023-11-17T17:52:33 IST" name="setup" finished-at="2023-11-17T17:52:46 IST" duration-ms="12892" status="PASS">
          <params>
            <param index="0">
              <value>
                <![CDATA[chrome]]>
              </value>
            </param>
          </params>
          <reporter-output>
          </reporter-output>
        </test-method> <!-- setup -->
        <test-method signature="checkRegisterUserNavigation()[pri:0, instance:com.ecommerce.tests.TC_Register_003@5524cca1]" started-at="2023-11-17T17:52:46 IST" name="checkRegisterUserNavigation" finished-at="2023-11-17T17:52:47 IST" duration-ms="1038" status="PASS">
          <reporter-output>
            <line>
              <![CDATA[Testcase checkRegisterUserNavigation started successfully]]>
            </line>
          </reporter-output>
        </test-method> <!-- checkRegisterUserNavigation -->
        <test-method is-config="true" signature="closeBrowser()[pri:0, instance:com.ecommerce.tests.TC_Register_003@5524cca1]" started-at="2023-11-17T17:52:47 IST" name="closeBrowser" finished-at="2023-11-17T17:52:47 IST" duration-ms="818" status="PASS">
          <reporter-output>
          </reporter-output>
        </test-method> <!-- closeBrowser -->
        <test-method is-config="true" signature="setup(java.lang.String)[pri:0, instance:com.ecommerce.tests.TC_Register_003@5524cca1]" started-at="2023-11-17T17:52:47 IST" name="setup" finished-at="2023-11-17T17:52:59 IST" duration-ms="11345" status="PASS">
          <params>
            <param index="0">
              <value>
                <![CDATA[chrome]]>
              </value>
            </param>
          </params>
          <reporter-output>
          </reporter-output>
        </test-method> <!-- setup -->
        <test-method signature="validateUserRegisteration()[pri:0, instance:com.ecommerce.tests.TC_Register_003@5524cca1]" started-at="2023-11-17T17:52:59 IST" name="validateUserRegisteration" finished-at="2023-11-17T17:53:03 IST" duration-ms="3775" status="PASS">
          <reporter-output>
            <line>
              <![CDATA[Testcase validateUserRegisteration started successfully]]>
            </line>
          </reporter-output>
        </test-method> <!-- validateUserRegisteration -->
        <test-method is-config="true" signature="closeBrowser()[pri:0, instance:com.ecommerce.tests.TC_Register_003@5524cca1]" started-at="2023-11-17T17:53:03 IST" name="closeBrowser" finished-at="2023-11-17T17:53:03 IST" duration-ms="493" status="PASS">
          <reporter-output>
          </reporter-output>
        </test-method> <!-- closeBrowser -->
      </class> <!-- com.ecommerce.tests.TC_Register_003 -->
    </test> <!-- Smoke -->
  </suite> <!-- Suite -->
</testng-results>
